<?xml version="1.0" encoding="UTF-8"?>
<!-- Generated by org.testng.reporters.JUnitXMLReporter -->
<testsuite ignored="0" hostname="DESKTOP-DF0C96B" failures="0" tests="7" name="Default test" time="0.065" errors="0" timestamp="2024-02-15T18:03:01 IST">
  <testcase classname="testcase.TestCase" name="dashboard" time="0.011"/>
  <testcase classname="testcase.TestCase" name="loginTest" time="0.001"/>
  <testcase classname="testcase.TestCase" name="loginTest" time="0.003"/>
  <testcase classname="testcase.TestCase" name="loginTest" time="0.001"/>
  <testcase classname="testcase.TestCase" name="loginTest" time="0.001"/>
  <testcase classname="testcase.TestCase" name="loginTest" time="0.001"/>
  <testcase classname="testcase.TestCase" name="home" time="0.002"/>
</testsuite> <!-- Default test -->
