<?xml version="1.0" encoding="UTF-8"?>
<testng-results ignored="0" total="7" passed="7" failed="0" skipped="0">
  <reporter-output>
  </reporter-output>
  <suite started-at="2024-02-15T18:03:01 IST" name="Default suite" finished-at="2024-02-15T18:03:01 IST" duration-ms="65">
    <groups>
    </groups>
    <test started-at="2024-02-15T18:03:01 IST" name="Default test" finished-at="2024-02-15T18:03:01 IST" duration-ms="65">
      <class name="testcase.TestCase">
        <test-method signature="dashboard()[pri:0, instance:testcase.TestCase@7714e963]" started-at="2024-02-15T18:03:01 IST" name="dashboard" finished-at="2024-02-15T18:03:01 IST" duration-ms="11" status="PASS">
          <reporter-output>
          </reporter-output>
        </test-method> <!-- dashboard -->
        <test-method signature="loginTest()[pri:1, instance:testcase.TestCase@7714e963]" started-at="2024-02-15T18:03:01 IST" name="loginTest" finished-at="2024-02-15T18:03:01 IST" duration-ms="1" status="PASS">
          <reporter-output>
          </reporter-output>
        </test-method> <!-- loginTest -->
        <test-method signature="loginTest()[pri:1, instance:testcase.TestCase@7714e963]" started-at="2024-02-15T18:03:01 IST" name="loginTest" finished-at="2024-02-15T18:03:01 IST" duration-ms="3" status="PASS">
          <reporter-output>
          </reporter-output>
        </test-method> <!-- loginTest -->
        <test-method signature="loginTest()[pri:1, instance:testcase.TestCase@7714e963]" started-at="2024-02-15T18:03:01 IST" name="loginTest" finished-at="2024-02-15T18:03:01 IST" duration-ms="1" status="PASS">
          <reporter-output>
          </reporter-output>
        </test-method> <!-- loginTest -->
        <test-method signature="loginTest()[pri:1, instance:testcase.TestCase@7714e963]" started-at="2024-02-15T18:03:01 IST" name="loginTest" finished-at="2024-02-15T18:03:01 IST" duration-ms="1" status="PASS">
          <reporter-output>
          </reporter-output>
        </test-method> <!-- loginTest -->
        <test-method signature="loginTest()[pri:1, instance:testcase.TestCase@7714e963]" started-at="2024-02-15T18:03:01 IST" name="loginTest" finished-at="2024-02-15T18:03:01 IST" duration-ms="1" status="PASS">
          <reporter-output>
          </reporter-output>
        </test-method> <!-- loginTest -->
        <test-method signature="home()[pri:2, instance:testcase.TestCase@7714e963]" started-at="2024-02-15T18:03:01 IST" name="home" finished-at="2024-02-15T18:03:01 IST" duration-ms="2" status="PASS">
          <reporter-output>
          </reporter-output>
        </test-method> <!-- home -->
      </class> <!-- testcase.TestCase -->
    </test> <!-- Default test -->
  </suite> <!-- Default suite -->
</testng-results>
